[INFO ][2017-08-30 11:29:28,378][ContextLoader:273] Root WebApplicationContext: initialization started
[INFO ][2017-08-30 11:29:28,478][AbstractApplicationContext:510] Refreshing Root WebApplicationContext: startup date [Wed Aug 30 11:29:28 CST 2017]; root of context hierarchy
[INFO ][2017-08-30 11:29:28,536][XmlBeanDefinitionReader:315] Loading XML bean definitions from class path resource [spring/spring-context.xml]
[INFO ][2017-08-30 11:29:28,837][ClassPathScanningCandidateComponentProvider:231] JSR-250 'javax.annotation.ManagedBean' found and supported for component scanning
[INFO ][2017-08-30 11:29:28,840][ClassPathScanningCandidateComponentProvider:239] JSR-330 'javax.inject.Named' annotation found and supported for component scanning
[INFO ][2017-08-30 11:29:29,057][XmlBeanDefinitionReader:315] Loading XML bean definitions from class path resource [spring/spring-context-service.xml]
[INFO ][2017-08-30 11:29:29,129][ClassPathScanningCandidateComponentProvider:231] JSR-250 'javax.annotation.ManagedBean' found and supported for component scanning
[INFO ][2017-08-30 11:29:29,130][ClassPathScanningCandidateComponentProvider:239] JSR-330 'javax.inject.Named' annotation found and supported for component scanning
[INFO ][2017-08-30 11:29:29,213][XmlBeanDefinitionReader:315] Loading XML bean definitions from class path resource [spring/spring-mybatis.xml]
[INFO ][2017-08-30 11:29:29,345][XmlBeanDefinitionReader:315] Loading XML bean definitions from class path resource [spring/spring-activemq.xml]
[INFO ][2017-08-30 11:29:29,363][XmlBeanDefinitionReader:315] Loading XML bean definitions from class path resource [spring/spring-reconciliation.xml]
[INFO ][2017-08-30 11:29:29,383][XmlBeanDefinitionReader:315] Loading XML bean definitions from class path resource [spring/spring-mvc.xml]
[INFO ][2017-08-30 11:29:30,201][PropertiesLoaderSupport:172] Loading properties file from class path resource [mq_config.properties]
[INFO ][2017-08-30 11:29:30,202][PropertiesLoaderSupport:172] Loading properties file from class path resource [jdbc.properties]
[INFO ][2017-08-30 11:29:30,216][AutowiredAnnotationBeanPostProcessor:140] JSR-330 'javax.inject.Inject' annotation found and supported for autowiring
[INFO ][2017-08-30 11:29:30,314][DefaultListableBeanFactory:598] Pre-instantiating singletons in org.springframework.beans.factory.support.DefaultListableBeanFactory@5be052ca: defining beans [org.springframework.context.annotation.internalConfigurationAnnotationProcessor,org.springframework.context.annotation.internalAutowiredAnnotationProcessor,org.springframework.context.annotation.internalRequiredAnnotationProcessor,org.springframework.context.annotation.internalCommonAnnotationProcessor,accountController,webExceptionHandler,loginController,settController,tradeController,rpAccountDaoImpl,rpAccountHistoryDaoImpl,rpSettDailyCollectDaoImpl,rpSettRecordAnnexDaoImpl,rpSettRecordDaoImpl,rpAccountHistoryService,rpAccountQueryService,rpAccountService,rpAccountTransactionService,rpSettHandleService,rpSettQueryService,rpNotifyRecordDao,rpNotifyRecordLogDao,rpNotifyService,pmsMenuDao,pmsRoleMenuDao,pmsOperatorDaoImpl,pmsOperatorLogDaoImpl,pmsOperatorRoleDaoImpl,pmsPermissionDaoImpl,pmsRoleDaoImpl,pmsRolePermissionDaoImpl,pmsMenuRoleService,pmsMenuService,pmsOperatorLogService,pmsOperatorRoleService,pmsOperatorService,pmsPermissionService,pmsRolePermissionService,pmsRoleService,rpAccountCheckBatchDaoImpl,rpAccountCheckMistakeDaoImpl,rpAccountCheckMistakeScratchPoolDaoImpl,reconciliationFactory,rpAccountCheckBatchService,rpAccountCheckMistakeScratchPoolService,rpAccountCheckMistakeService,rpAccountCheckTransactionService,rpTradePaymentOrderDao,rpTradePaymentRecordDao,rpTradePaymentManagerService,rpTradePaymentQueryService,rpTradeReconciliationService,aliF2FPaySubmit,buildNoDaoImpl,rpPayProductDaoImpl,rpPayWayDaoImpl,rpUserBankAccountDaoImpl,rpUserInfoDaoImpl,rpUserPayConfigDaoImpl,rpUserPayInfoDaoImpl,buildNoService,rpPayProductService,rpPayWayService,rpUserBankAccountService,rpUserInfoService,rpUserPayConfigService,rpUserPayInfoService,org.springframework.aop.config.internalAutoProxyCreator,propertyConfigurer,dataSource,sqlSessionFactory,sessionTemplate,transactionManager,org.springframework.transaction.annotation.AnnotationTransactionAttributeSource#0,org.springframework.transaction.interceptor.TransactionInterceptor#0,org.springframework.transaction.config.internalTransactionAdvisor,targetConnectionFactory,pooledConnectionFactory,connectionFactory,notifyJmsTemplate,jmsTemplate,WEIXIN,ALIPAY,mvcContentNegotiationManager,org.springframework.web.servlet.mvc.method.annotation.RequestMappingHandlerMapping#0,org.springframework.format.support.FormattingConversionServiceFactoryBean#0,org.springframework.validation.beanvalidation.LocalValidatorFactoryBean#0,org.springframework.web.servlet.mvc.method.annotation.RequestMappingHandlerAdapter#0,org.springframework.web.servlet.handler.MappedInterceptor#0,org.springframework.web.servlet.mvc.method.annotation.ExceptionHandlerExceptionResolver#0,org.springframework.web.servlet.mvc.annotation.ResponseStatusExceptionResolver#0,org.springframework.web.servlet.mvc.support.DefaultHandlerExceptionResolver#0,org.springframework.web.servlet.handler.BeanNameUrlHandlerMapping,org.springframework.web.servlet.mvc.HttpRequestHandlerAdapter,org.springframework.web.servlet.mvc.SimpleControllerHandlerAdapter,org.springframework.web.servlet.view.InternalResourceViewResolver#0,org.springframework.web.servlet.mvc.annotation.DefaultAnnotationHandlerMapping#0,org.springframework.web.servlet.mvc.annotation.AnnotationMethodHandlerAdapter#0,org.springframework.web.servlet.resource.ResourceHttpRequestHandler#0,org.springframework.web.servlet.handler.SimpleUrlHandlerMapping#0,org.springframework.web.servlet.resource.ResourceHttpRequestHandler#1,org.springframework.web.servlet.handler.SimpleUrlHandlerMapping#1,org.springframework.context.annotation.ConfigurationClassPostProcessor.importAwareProcessor]; root of factory hierarchy
[INFO ][2017-08-30 11:29:30,964][DruidDataSource:722] {dataSource-1} inited
[INFO ][2017-08-30 11:29:33,501][AbstractHandlerMethodMapping:179] Mapped "{[/merchant/account/getAccountInfo],methods=[POST || GET],params=[],headers=[],consumes=[],produces=[],custom=[]}" onto public java.lang.String com.roncoo.pay.controller.account.AccountController.getAccountInfo(javax.servlet.http.HttpServletRequest)
[INFO ][2017-08-30 11:29:33,502][AbstractHandlerMethodMapping:179] Mapped "{[/merchant/account/ajaxAccountInfo],methods=[POST || GET],params=[],headers=[],consumes=[],produces=[],custom=[]}" onto public java.lang.String com.roncoo.pay.controller.account.AccountController.ajaxAccountInfo(javax.servlet.http.HttpServletRequest,com.roncoo.pay.controller.common.JSONParam[]) throws java.lang.IllegalAccessException,java.lang.reflect.InvocationTargetException
[INFO ][2017-08-30 11:29:33,503][AbstractHandlerMethodMapping:179] Mapped "{[/merchant/account/savePassword],methods=[POST || GET],params=[],headers=[],consumes=[],produces=[],custom=[]}" onto public com.roncoo.pay.common.core.entity.ApiCommonResultVo com.roncoo.pay.controller.account.AccountController.savePassword(javax.servlet.http.HttpServletRequest) throws java.lang.IllegalAccessException,java.lang.reflect.InvocationTargetException
[INFO ][2017-08-30 11:29:33,503][AbstractHandlerMethodMapping:179] Mapped "{[/merchant/account/savePayPass],methods=[POST || GET],params=[],headers=[],consumes=[],produces=[],custom=[]}" onto public com.roncoo.pay.common.core.entity.ApiCommonResultVo com.roncoo.pay.controller.account.AccountController.savePayPass(javax.servlet.http.HttpServletRequest) throws java.lang.IllegalAccessException,java.lang.reflect.InvocationTargetException
[INFO ][2017-08-30 11:29:33,504][AbstractHandlerMethodMapping:179] Mapped "{[/index],methods=[POST || GET],params=[],headers=[],consumes=[],produces=[],custom=[]}" onto public java.lang.String com.roncoo.pay.controller.login.LoginController.index(javax.servlet.http.HttpServletRequest,org.springframework.ui.Model)
[INFO ][2017-08-30 11:29:33,504][AbstractHandlerMethodMapping:179] Mapped "{[/login],methods=[POST || GET],params=[],headers=[],consumes=[],produces=[],custom=[]}" onto public java.lang.String com.roncoo.pay.controller.login.LoginController.login(javax.servlet.http.HttpServletRequest,org.springframework.ui.Model)
[INFO ][2017-08-30 11:29:33,505][AbstractHandlerMethodMapping:179] Mapped "{[/logout],methods=[POST || GET],params=[],headers=[],consumes=[],produces=[],custom=[]}" onto public java.lang.String com.roncoo.pay.controller.login.LoginController.logout(javax.servlet.http.HttpServletRequest,org.springframework.ui.Model)
[INFO ][2017-08-30 11:29:33,506][AbstractHandlerMethodMapping:179] Mapped "{[/merchant/sett/getSettList],methods=[POST || GET],params=[],headers=[],consumes=[],produces=[],custom=[]}" onto public java.lang.String com.roncoo.pay.controller.sett.SettController.getAccountInfo(javax.servlet.http.HttpServletRequest)
[INFO ][2017-08-30 11:29:33,507][AbstractHandlerMethodMapping:179] Mapped "{[/merchant/sett/ajaxSettList],methods=[POST || GET],params=[],headers=[],consumes=[],produces=[],custom=[]}" onto public java.lang.String com.roncoo.pay.controller.sett.SettController.ajaxPaymentList(javax.servlet.http.HttpServletRequest,com.roncoo.pay.controller.common.JSONParam[]) throws java.lang.IllegalAccessException,java.lang.reflect.InvocationTargetException
[INFO ][2017-08-30 11:29:33,509][AbstractHandlerMethodMapping:179] Mapped "{[/merchant/trade/getPaymentList],methods=[POST || GET],params=[],headers=[],consumes=[],produces=[],custom=[]}" onto public java.lang.String com.roncoo.pay.controller.trade.TradeController.getPaymentList(javax.servlet.http.HttpServletRequest,org.springframework.ui.Model)
[INFO ][2017-08-30 11:29:33,510][AbstractHandlerMethodMapping:179] Mapped "{[/merchant/trade/ajaxPaymentList],methods=[POST || GET],params=[],headers=[],consumes=[],produces=[],custom=[]}" onto public java.lang.String com.roncoo.pay.controller.trade.TradeController.ajaxPaymentList(javax.servlet.http.HttpServletRequest,com.roncoo.pay.controller.common.JSONParam[]) throws java.lang.IllegalAccessException,java.lang.reflect.InvocationTargetException
[INFO ][2017-08-30 11:29:33,511][AbstractHandlerMethodMapping:179] Mapped "{[/merchant/trade/ajaxPaymentReport],methods=[POST || GET],params=[],headers=[],consumes=[],produces=[],custom=[]}" onto public java.util.List com.roncoo.pay.controller.trade.TradeController.ajaxPaymentReport(javax.servlet.http.HttpServletRequest)
[INFO ][2017-08-30 11:29:33,558][Version:24] Hibernate Validator 4.2.0.Final
[INFO ][2017-08-30 11:29:34,276][ExceptionHandlerExceptionResolver:294] Detected @ExceptionHandler methods in webExceptionHandler
[INFO ][2017-08-30 11:29:34,411][AbstractUrlHandlerMapping:315] Mapped URL path [/merchant/account/getAccountInfo] onto handler 'accountController'
[INFO ][2017-08-30 11:29:34,413][AbstractUrlHandlerMapping:315] Mapped URL path [/merchant/account/getAccountInfo.*] onto handler 'accountController'
[INFO ][2017-08-30 11:29:34,414][AbstractUrlHandlerMapping:315] Mapped URL path [/merchant/account/getAccountInfo/] onto handler 'accountController'
[INFO ][2017-08-30 11:29:34,414][AbstractUrlHandlerMapping:315] Mapped URL path [/merchant/account/ajaxAccountInfo] onto handler 'accountController'
[INFO ][2017-08-30 11:29:34,415][AbstractUrlHandlerMapping:315] Mapped URL path [/merchant/account/ajaxAccountInfo.*] onto handler 'accountController'
[INFO ][2017-08-30 11:29:34,416][AbstractUrlHandlerMapping:315] Mapped URL path [/merchant/account/ajaxAccountInfo/] onto handler 'accountController'
[INFO ][2017-08-30 11:29:34,418][AbstractUrlHandlerMapping:315] Mapped URL path [/merchant/account/savePassword] onto handler 'accountController'
[INFO ][2017-08-30 11:29:34,422][AbstractUrlHandlerMapping:315] Mapped URL path [/merchant/account/savePassword.*] onto handler 'accountController'
[INFO ][2017-08-30 11:29:34,422][AbstractUrlHandlerMapping:315] Mapped URL path [/merchant/account/savePassword/] onto handler 'accountController'
[INFO ][2017-08-30 11:29:34,423][AbstractUrlHandlerMapping:315] Mapped URL path [/merchant/account/savePayPass] onto handler 'accountController'
[INFO ][2017-08-30 11:29:34,426][AbstractUrlHandlerMapping:315] Mapped URL path [/merchant/account/savePayPass.*] onto handler 'accountController'
[INFO ][2017-08-30 11:29:34,428][AbstractUrlHandlerMapping:315] Mapped URL path [/merchant/account/savePayPass/] onto handler 'accountController'
[INFO ][2017-08-30 11:29:34,428][AbstractUrlHandlerMapping:315] Mapped URL path [/index] onto handler 'loginController'
[INFO ][2017-08-30 11:29:34,429][AbstractUrlHandlerMapping:315] Mapped URL path [/index.*] onto handler 'loginController'
[INFO ][2017-08-30 11:29:34,430][AbstractUrlHandlerMapping:315] Mapped URL path [/index/] onto handler 'loginController'
[INFO ][2017-08-30 11:29:34,431][AbstractUrlHandlerMapping:315] Mapped URL path [/login] onto handler 'loginController'
[INFO ][2017-08-30 11:29:34,432][AbstractUrlHandlerMapping:315] Mapped URL path [/login.*] onto handler 'loginController'
[INFO ][2017-08-30 11:29:34,432][AbstractUrlHandlerMapping:315] Mapped URL path [/login/] onto handler 'loginController'
[INFO ][2017-08-30 11:29:34,433][AbstractUrlHandlerMapping:315] Mapped URL path [/logout] onto handler 'loginController'
[INFO ][2017-08-30 11:29:34,433][AbstractUrlHandlerMapping:315] Mapped URL path [/logout.*] onto handler 'loginController'
[INFO ][2017-08-30 11:29:34,433][AbstractUrlHandlerMapping:315] Mapped URL path [/logout/] onto handler 'loginController'
[INFO ][2017-08-30 11:29:34,434][AbstractUrlHandlerMapping:315] Mapped URL path [/merchant/sett/getSettList] onto handler 'settController'
[INFO ][2017-08-30 11:29:34,434][AbstractUrlHandlerMapping:315] Mapped URL path [/merchant/sett/getSettList.*] onto handler 'settController'
[INFO ][2017-08-30 11:29:34,435][AbstractUrlHandlerMapping:315] Mapped URL path [/merchant/sett/getSettList/] onto handler 'settController'
[INFO ][2017-08-30 11:29:34,435][AbstractUrlHandlerMapping:315] Mapped URL path [/merchant/sett/ajaxSettList] onto handler 'settController'
[INFO ][2017-08-30 11:29:34,435][AbstractUrlHandlerMapping:315] Mapped URL path [/merchant/sett/ajaxSettList.*] onto handler 'settController'
[INFO ][2017-08-30 11:29:34,436][AbstractUrlHandlerMapping:315] Mapped URL path [/merchant/sett/ajaxSettList/] onto handler 'settController'
[INFO ][2017-08-30 11:29:34,436][AbstractUrlHandlerMapping:315] Mapped URL path [/merchant/trade/getPaymentList] onto handler 'tradeController'
[INFO ][2017-08-30 11:29:34,437][AbstractUrlHandlerMapping:315] Mapped URL path [/merchant/trade/getPaymentList.*] onto handler 'tradeController'
[INFO ][2017-08-30 11:29:34,437][AbstractUrlHandlerMapping:315] Mapped URL path [/merchant/trade/getPaymentList/] onto handler 'tradeController'
[INFO ][2017-08-30 11:29:34,438][AbstractUrlHandlerMapping:315] Mapped URL path [/merchant/trade/ajaxPaymentList] onto handler 'tradeController'
[INFO ][2017-08-30 11:29:34,438][AbstractUrlHandlerMapping:315] Mapped URL path [/merchant/trade/ajaxPaymentList.*] onto handler 'tradeController'
[INFO ][2017-08-30 11:29:34,439][AbstractUrlHandlerMapping:315] Mapped URL path [/merchant/trade/ajaxPaymentList/] onto handler 'tradeController'
[INFO ][2017-08-30 11:29:34,439][AbstractUrlHandlerMapping:315] Mapped URL path [/merchant/trade/ajaxPaymentReport] onto handler 'tradeController'
[INFO ][2017-08-30 11:29:34,440][AbstractUrlHandlerMapping:315] Mapped URL path [/merchant/trade/ajaxPaymentReport.*] onto handler 'tradeController'
[INFO ][2017-08-30 11:29:34,440][AbstractUrlHandlerMapping:315] Mapped URL path [/merchant/trade/ajaxPaymentReport/] onto handler 'tradeController'
[INFO ][2017-08-30 11:29:34,607][AbstractUrlHandlerMapping:315] Mapped URL path [/common/**] onto handler 'org.springframework.web.servlet.resource.ResourceHttpRequestHandler#0'
[INFO ][2017-08-30 11:29:34,610][AbstractUrlHandlerMapping:315] Mapped URL path [/lte/**] onto handler 'org.springframework.web.servlet.resource.ResourceHttpRequestHandler#1'
[INFO ][2017-08-30 11:29:34,624][ContextLoader:313] Root WebApplicationContext: initialization completed in 6238 ms
[INFO ][2017-08-30 11:29:34,754][FrameworkServlet:454] FrameworkServlet 'mvc': initialization started
[INFO ][2017-08-30 11:29:34,799][FrameworkServlet:473] FrameworkServlet 'mvc': initialization completed in 44 ms
[INFO ][2017-08-30 11:29:53,862][UserFilter:53] === uri=/
[WARN ][2017-08-30 11:29:53,893][DispatcherServlet:1108] No mapping found for HTTP request with URI [/] in DispatcherServlet with name 'mvc'
[INFO ][2017-08-30 11:29:54,231][UserFilter:53] === uri=/favicon.ico
[WARN ][2017-08-30 11:29:54,233][DispatcherServlet:1108] No mapping found for HTTP request with URI [/favicon.ico] in DispatcherServlet with name 'mvc'
[INFO ][2017-08-30 11:30:03,017][UserFilter:53] === uri=/index.jsp
[INFO ][2017-08-30 11:30:03,805][UserFilter:53] === uri=/login
[INFO ][2017-08-30 11:30:04,388][UserFilter:53] === uri=/lte/dist/css/font-awesome.min.css
[INFO ][2017-08-30 11:30:04,412][UserFilter:53] === uri=/lte/dist/css/AdminLTE.min.css
[INFO ][2017-08-30 11:30:04,412][UserFilter:53] === uri=/lte/plugins/jQuery/jquery-2.2.3.min.js
[INFO ][2017-08-30 11:30:04,415][UserFilter:53] === uri=/lte/dist/css/ionicons.min.css
[INFO ][2017-08-30 11:30:04,415][UserFilter:53] === uri=/lte/dist/css/skins/_all-skins.min.css
[INFO ][2017-08-30 11:30:04,434][UserFilter:53] === uri=/lte/bootstrap/js/bootstrap.min.js
[INFO ][2017-08-30 11:30:04,434][UserFilter:53] === uri=/lte/plugins/jQueryUI/jquery-ui.min.js
[INFO ][2017-08-30 11:30:04,444][UserFilter:53] === uri=/lte/plugins/fastclick/fastclick.js
[INFO ][2017-08-30 11:30:04,446][UserFilter:53] === uri=/lte/plugins/slimScroll/jquery.slimscroll.min.js
[INFO ][2017-08-30 11:30:04,447][UserFilter:53] === uri=/lte/dist/js/app.min.js
[INFO ][2017-08-30 11:30:04,476][UserFilter:53] === uri=/lte/bootstrap/css/bootstrap.min.css
[INFO ][2017-08-30 11:30:04,480][UserFilter:53] === uri=/lte/images/logo2.png
[INFO ][2017-08-30 11:30:05,005][UserFilter:53] === uri=/lte/bootstrap/fonts/glyphicons-halflings-regular.woff2
[INFO ][2017-08-30 11:56:04,890][ContextLoader:273] Root WebApplicationContext: initialization started
[INFO ][2017-08-30 11:56:04,972][AbstractApplicationContext:510] Refreshing Root WebApplicationContext: startup date [Wed Aug 30 11:56:04 CST 2017]; root of context hierarchy
[INFO ][2017-08-30 11:56:05,018][XmlBeanDefinitionReader:315] Loading XML bean definitions from class path resource [spring/spring-context.xml]
[INFO ][2017-08-30 11:56:05,224][ClassPathScanningCandidateComponentProvider:231] JSR-250 'javax.annotation.ManagedBean' found and supported for component scanning
[INFO ][2017-08-30 11:56:05,228][ClassPathScanningCandidateComponentProvider:239] JSR-330 'javax.inject.Named' annotation found and supported for component scanning
[INFO ][2017-08-30 11:56:05,396][XmlBeanDefinitionReader:315] Loading XML bean definitions from class path resource [spring/spring-context-service.xml]
[INFO ][2017-08-30 11:56:05,456][ClassPathScanningCandidateComponentProvider:231] JSR-250 'javax.annotation.ManagedBean' found and supported for component scanning
[INFO ][2017-08-30 11:56:05,458][ClassPathScanningCandidateComponentProvider:239] JSR-330 'javax.inject.Named' annotation found and supported for component scanning
[INFO ][2017-08-30 11:56:05,529][XmlBeanDefinitionReader:315] Loading XML bean definitions from class path resource [spring/spring-mybatis.xml]
[INFO ][2017-08-30 11:56:05,578][XmlBeanDefinitionReader:315] Loading XML bean definitions from class path resource [spring/spring-activemq.xml]
[INFO ][2017-08-30 11:56:05,599][XmlBeanDefinitionReader:315] Loading XML bean definitions from class path resource [spring/spring-reconciliation.xml]
[INFO ][2017-08-30 11:56:05,613][XmlBeanDefinitionReader:315] Loading XML bean definitions from class path resource [spring/spring-mvc.xml]
[INFO ][2017-08-30 11:56:06,015][PropertiesLoaderSupport:172] Loading properties file from class path resource [mq_config.properties]
[INFO ][2017-08-30 11:56:06,018][PropertiesLoaderSupport:172] Loading properties file from class path resource [jdbc.properties]
[INFO ][2017-08-30 11:56:06,027][AutowiredAnnotationBeanPostProcessor:140] JSR-330 'javax.inject.Inject' annotation found and supported for autowiring
[INFO ][2017-08-30 11:56:06,091][DefaultListableBeanFactory:598] Pre-instantiating singletons in org.springframework.beans.factory.support.DefaultListableBeanFactory@2703d91: defining beans [org.springframework.context.annotation.internalConfigurationAnnotationProcessor,org.springframework.context.annotation.internalAutowiredAnnotationProcessor,org.springframework.context.annotation.internalRequiredAnnotationProcessor,org.springframework.context.annotation.internalCommonAnnotationProcessor,accountController,webExceptionHandler,loginController,settController,tradeController,rpAccountDaoImpl,rpAccountHistoryDaoImpl,rpSettDailyCollectDaoImpl,rpSettRecordAnnexDaoImpl,rpSettRecordDaoImpl,rpAccountHistoryService,rpAccountQueryService,rpAccountService,rpAccountTransactionService,rpSettHandleService,rpSettQueryService,rpNotifyRecordDao,rpNotifyRecordLogDao,rpNotifyService,pmsMenuDao,pmsRoleMenuDao,pmsOperatorDaoImpl,pmsOperatorLogDaoImpl,pmsOperatorRoleDaoImpl,pmsPermissionDaoImpl,pmsRoleDaoImpl,pmsRolePermissionDaoImpl,pmsMenuRoleService,pmsMenuService,pmsOperatorLogService,pmsOperatorRoleService,pmsOperatorService,pmsPermissionService,pmsRolePermissionService,pmsRoleService,rpAccountCheckBatchDaoImpl,rpAccountCheckMistakeDaoImpl,rpAccountCheckMistakeScratchPoolDaoImpl,reconciliationFactory,rpAccountCheckBatchService,rpAccountCheckMistakeScratchPoolService,rpAccountCheckMistakeService,rpAccountCheckTransactionService,rpTradePaymentOrderDao,rpTradePaymentRecordDao,rpTradePaymentManagerService,rpTradePaymentQueryService,rpTradeReconciliationService,aliF2FPaySubmit,buildNoDaoImpl,rpPayProductDaoImpl,rpPayWayDaoImpl,rpUserBankAccountDaoImpl,rpUserInfoDaoImpl,rpUserPayConfigDaoImpl,rpUserPayInfoDaoImpl,buildNoService,rpPayProductService,rpPayWayService,rpUserBankAccountService,rpUserInfoService,rpUserPayConfigService,rpUserPayInfoService,org.springframework.aop.config.internalAutoProxyCreator,propertyConfigurer,dataSource,sqlSessionFactory,sessionTemplate,transactionManager,org.springframework.transaction.annotation.AnnotationTransactionAttributeSource#0,org.springframework.transaction.interceptor.TransactionInterceptor#0,org.springframework.transaction.config.internalTransactionAdvisor,targetConnectionFactory,pooledConnectionFactory,connectionFactory,notifyJmsTemplate,jmsTemplate,WEIXIN,ALIPAY,mvcContentNegotiationManager,org.springframework.web.servlet.mvc.method.annotation.RequestMappingHandlerMapping#0,org.springframework.format.support.FormattingConversionServiceFactoryBean#0,org.springframework.validation.beanvalidation.LocalValidatorFactoryBean#0,org.springframework.web.servlet.mvc.method.annotation.RequestMappingHandlerAdapter#0,org.springframework.web.servlet.handler.MappedInterceptor#0,org.springframework.web.servlet.mvc.method.annotation.ExceptionHandlerExceptionResolver#0,org.springframework.web.servlet.mvc.annotation.ResponseStatusExceptionResolver#0,org.springframework.web.servlet.mvc.support.DefaultHandlerExceptionResolver#0,org.springframework.web.servlet.handler.BeanNameUrlHandlerMapping,org.springframework.web.servlet.mvc.HttpRequestHandlerAdapter,org.springframework.web.servlet.mvc.SimpleControllerHandlerAdapter,org.springframework.web.servlet.view.InternalResourceViewResolver#0,org.springframework.web.servlet.mvc.annotation.DefaultAnnotationHandlerMapping#0,org.springframework.web.servlet.mvc.annotation.AnnotationMethodHandlerAdapter#0,org.springframework.web.servlet.resource.ResourceHttpRequestHandler#0,org.springframework.web.servlet.handler.SimpleUrlHandlerMapping#0,org.springframework.web.servlet.resource.ResourceHttpRequestHandler#1,org.springframework.web.servlet.handler.SimpleUrlHandlerMapping#1,org.springframework.context.annotation.ConfigurationClassPostProcessor.importAwareProcessor]; root of factory hierarchy
[INFO ][2017-08-30 11:56:06,611][DruidDataSource:722] {dataSource-1} inited
[INFO ][2017-08-30 11:56:09,536][AbstractHandlerMethodMapping:179] Mapped "{[/merchant/account/getAccountInfo],methods=[POST || GET],params=[],headers=[],consumes=[],produces=[],custom=[]}" onto public java.lang.String com.roncoo.pay.controller.account.AccountController.getAccountInfo(javax.servlet.http.HttpServletRequest)
[INFO ][2017-08-30 11:56:09,537][AbstractHandlerMethodMapping:179] Mapped "{[/merchant/account/ajaxAccountInfo],methods=[POST || GET],params=[],headers=[],consumes=[],produces=[],custom=[]}" onto public java.lang.String com.roncoo.pay.controller.account.AccountController.ajaxAccountInfo(javax.servlet.http.HttpServletRequest,com.roncoo.pay.controller.common.JSONParam[]) throws java.lang.IllegalAccessException,java.lang.reflect.InvocationTargetException
[INFO ][2017-08-30 11:56:09,540][AbstractHandlerMethodMapping:179] Mapped "{[/merchant/account/savePassword],methods=[POST || GET],params=[],headers=[],consumes=[],produces=[],custom=[]}" onto public com.roncoo.pay.common.core.entity.ApiCommonResultVo com.roncoo.pay.controller.account.AccountController.savePassword(javax.servlet.http.HttpServletRequest) throws java.lang.IllegalAccessException,java.lang.reflect.InvocationTargetException
[INFO ][2017-08-30 11:56:09,541][AbstractHandlerMethodMapping:179] Mapped "{[/merchant/account/savePayPass],methods=[POST || GET],params=[],headers=[],consumes=[],produces=[],custom=[]}" onto public com.roncoo.pay.common.core.entity.ApiCommonResultVo com.roncoo.pay.controller.account.AccountController.savePayPass(javax.servlet.http.HttpServletRequest) throws java.lang.IllegalAccessException,java.lang.reflect.InvocationTargetException
[INFO ][2017-08-30 11:56:09,542][AbstractHandlerMethodMapping:179] Mapped "{[/index],methods=[POST || GET],params=[],headers=[],consumes=[],produces=[],custom=[]}" onto public java.lang.String com.roncoo.pay.controller.login.LoginController.index(javax.servlet.http.HttpServletRequest,org.springframework.ui.Model)
[INFO ][2017-08-30 11:56:09,543][AbstractHandlerMethodMapping:179] Mapped "{[/login],methods=[POST || GET],params=[],headers=[],consumes=[],produces=[],custom=[]}" onto public java.lang.String com.roncoo.pay.controller.login.LoginController.login(javax.servlet.http.HttpServletRequest,org.springframework.ui.Model)
[INFO ][2017-08-30 11:56:09,543][AbstractHandlerMethodMapping:179] Mapped "{[/logout],methods=[POST || GET],params=[],headers=[],consumes=[],produces=[],custom=[]}" onto public java.lang.String com.roncoo.pay.controller.login.LoginController.logout(javax.servlet.http.HttpServletRequest,org.springframework.ui.Model)
[INFO ][2017-08-30 11:56:09,546][AbstractHandlerMethodMapping:179] Mapped "{[/merchant/sett/getSettList],methods=[POST || GET],params=[],headers=[],consumes=[],produces=[],custom=[]}" onto public java.lang.String com.roncoo.pay.controller.sett.SettController.getAccountInfo(javax.servlet.http.HttpServletRequest)
[INFO ][2017-08-30 11:56:09,548][AbstractHandlerMethodMapping:179] Mapped "{[/merchant/sett/ajaxSettList],methods=[POST || GET],params=[],headers=[],consumes=[],produces=[],custom=[]}" onto public java.lang.String com.roncoo.pay.controller.sett.SettController.ajaxPaymentList(javax.servlet.http.HttpServletRequest,com.roncoo.pay.controller.common.JSONParam[]) throws java.lang.IllegalAccessException,java.lang.reflect.InvocationTargetException
[INFO ][2017-08-30 11:56:09,550][AbstractHandlerMethodMapping:179] Mapped "{[/merchant/trade/getPaymentList],methods=[POST || GET],params=[],headers=[],consumes=[],produces=[],custom=[]}" onto public java.lang.String com.roncoo.pay.controller.trade.TradeController.getPaymentList(javax.servlet.http.HttpServletRequest,org.springframework.ui.Model)
[INFO ][2017-08-30 11:56:09,551][AbstractHandlerMethodMapping:179] Mapped "{[/merchant/trade/ajaxPaymentList],methods=[POST || GET],params=[],headers=[],consumes=[],produces=[],custom=[]}" onto public java.lang.String com.roncoo.pay.controller.trade.TradeController.ajaxPaymentList(javax.servlet.http.HttpServletRequest,com.roncoo.pay.controller.common.JSONParam[]) throws java.lang.IllegalAccessException,java.lang.reflect.InvocationTargetException
[INFO ][2017-08-30 11:56:09,552][AbstractHandlerMethodMapping:179] Mapped "{[/merchant/trade/ajaxPaymentReport],methods=[POST || GET],params=[],headers=[],consumes=[],produces=[],custom=[]}" onto public java.util.List com.roncoo.pay.controller.trade.TradeController.ajaxPaymentReport(javax.servlet.http.HttpServletRequest)
[INFO ][2017-08-30 11:56:09,604][Version:24] Hibernate Validator 4.2.0.Final
[INFO ][2017-08-30 11:56:10,179][ExceptionHandlerExceptionResolver:294] Detected @ExceptionHandler methods in webExceptionHandler
[INFO ][2017-08-30 11:56:10,291][AbstractUrlHandlerMapping:315] Mapped URL path [/merchant/account/getAccountInfo] onto handler 'accountController'
[INFO ][2017-08-30 11:56:10,292][AbstractUrlHandlerMapping:315] Mapped URL path [/merchant/account/getAccountInfo.*] onto handler 'accountController'
[INFO ][2017-08-30 11:56:10,292][AbstractUrlHandlerMapping:315] Mapped URL path [/merchant/account/getAccountInfo/] onto handler 'accountController'
[INFO ][2017-08-30 11:56:10,293][AbstractUrlHandlerMapping:315] Mapped URL path [/merchant/account/ajaxAccountInfo] onto handler 'accountController'
[INFO ][2017-08-30 11:56:10,293][AbstractUrlHandlerMapping:315] Mapped URL path [/merchant/account/ajaxAccountInfo.*] onto handler 'accountController'
[INFO ][2017-08-30 11:56:10,294][AbstractUrlHandlerMapping:315] Mapped URL path [/merchant/account/ajaxAccountInfo/] onto handler 'accountController'
[INFO ][2017-08-30 11:56:10,294][AbstractUrlHandlerMapping:315] Mapped URL path [/merchant/account/savePassword] onto handler 'accountController'
[INFO ][2017-08-30 11:56:10,294][AbstractUrlHandlerMapping:315] Mapped URL path [/merchant/account/savePassword.*] onto handler 'accountController'
[INFO ][2017-08-30 11:56:10,294][AbstractUrlHandlerMapping:315] Mapped URL path [/merchant/account/savePassword/] onto handler 'accountController'
[INFO ][2017-08-30 11:56:10,295][AbstractUrlHandlerMapping:315] Mapped URL path [/merchant/account/savePayPass] onto handler 'accountController'
[INFO ][2017-08-30 11:56:10,295][AbstractUrlHandlerMapping:315] Mapped URL path [/merchant/account/savePayPass.*] onto handler 'accountController'
[INFO ][2017-08-30 11:56:10,296][AbstractUrlHandlerMapping:315] Mapped URL path [/merchant/account/savePayPass/] onto handler 'accountController'
[INFO ][2017-08-30 11:56:10,296][AbstractUrlHandlerMapping:315] Mapped URL path [/index] onto handler 'loginController'
[INFO ][2017-08-30 11:56:10,297][AbstractUrlHandlerMapping:315] Mapped URL path [/index.*] onto handler 'loginController'
[INFO ][2017-08-30 11:56:10,297][AbstractUrlHandlerMapping:315] Mapped URL path [/index/] onto handler 'loginController'
[INFO ][2017-08-30 11:56:10,298][AbstractUrlHandlerMapping:315] Mapped URL path [/login] onto handler 'loginController'
[INFO ][2017-08-30 11:56:10,298][AbstractUrlHandlerMapping:315] Mapped URL path [/login.*] onto handler 'loginController'
[INFO ][2017-08-30 11:56:10,299][AbstractUrlHandlerMapping:315] Mapped URL path [/login/] onto handler 'loginController'
[INFO ][2017-08-30 11:56:10,299][AbstractUrlHandlerMapping:315] Mapped URL path [/logout] onto handler 'loginController'
[INFO ][2017-08-30 11:56:10,300][AbstractUrlHandlerMapping:315] Mapped URL path [/logout.*] onto handler 'loginController'
[INFO ][2017-08-30 11:56:10,300][AbstractUrlHandlerMapping:315] Mapped URL path [/logout/] onto handler 'loginController'
[INFO ][2017-08-30 11:56:10,300][AbstractUrlHandlerMapping:315] Mapped URL path [/merchant/sett/getSettList] onto handler 'settController'
[INFO ][2017-08-30 11:56:10,301][AbstractUrlHandlerMapping:315] Mapped URL path [/merchant/sett/getSettList.*] onto handler 'settController'
[INFO ][2017-08-30 11:56:10,301][AbstractUrlHandlerMapping:315] Mapped URL path [/merchant/sett/getSettList/] onto handler 'settController'
[INFO ][2017-08-30 11:56:10,301][AbstractUrlHandlerMapping:315] Mapped URL path [/merchant/sett/ajaxSettList] onto handler 'settController'
[INFO ][2017-08-30 11:56:10,302][AbstractUrlHandlerMapping:315] Mapped URL path [/merchant/sett/ajaxSettList.*] onto handler 'settController'
[INFO ][2017-08-30 11:56:10,302][AbstractUrlHandlerMapping:315] Mapped URL path [/merchant/sett/ajaxSettList/] onto handler 'settController'
[INFO ][2017-08-30 11:56:10,303][AbstractUrlHandlerMapping:315] Mapped URL path [/merchant/trade/getPaymentList] onto handler 'tradeController'
[INFO ][2017-08-30 11:56:10,303][AbstractUrlHandlerMapping:315] Mapped URL path [/merchant/trade/getPaymentList.*] onto handler 'tradeController'
[INFO ][2017-08-30 11:56:10,303][AbstractUrlHandlerMapping:315] Mapped URL path [/merchant/trade/getPaymentList/] onto handler 'tradeController'
[INFO ][2017-08-30 11:56:10,303][AbstractUrlHandlerMapping:315] Mapped URL path [/merchant/trade/ajaxPaymentList] onto handler 'tradeController'
[INFO ][2017-08-30 11:56:10,304][AbstractUrlHandlerMapping:315] Mapped URL path [/merchant/trade/ajaxPaymentList.*] onto handler 'tradeController'
[INFO ][2017-08-30 11:56:10,304][AbstractUrlHandlerMapping:315] Mapped URL path [/merchant/trade/ajaxPaymentList/] onto handler 'tradeController'
[INFO ][2017-08-30 11:56:10,305][AbstractUrlHandlerMapping:315] Mapped URL path [/merchant/trade/ajaxPaymentReport] onto handler 'tradeController'
[INFO ][2017-08-30 11:56:10,305][AbstractUrlHandlerMapping:315] Mapped URL path [/merchant/trade/ajaxPaymentReport.*] onto handler 'tradeController'
[INFO ][2017-08-30 11:56:10,306][AbstractUrlHandlerMapping:315] Mapped URL path [/merchant/trade/ajaxPaymentReport/] onto handler 'tradeController'
[INFO ][2017-08-30 11:56:10,385][AbstractUrlHandlerMapping:315] Mapped URL path [/common/**] onto handler 'org.springframework.web.servlet.resource.ResourceHttpRequestHandler#0'
[INFO ][2017-08-30 11:56:10,388][AbstractUrlHandlerMapping:315] Mapped URL path [/lte/**] onto handler 'org.springframework.web.servlet.resource.ResourceHttpRequestHandler#1'
[INFO ][2017-08-30 11:56:10,408][ContextLoader:313] Root WebApplicationContext: initialization completed in 5512 ms
[INFO ][2017-08-30 11:56:10,567][FrameworkServlet:454] FrameworkServlet 'mvc': initialization started
[INFO ][2017-08-30 11:56:10,621][FrameworkServlet:473] FrameworkServlet 'mvc': initialization completed in 53 ms
[INFO ][2017-09-04 09:55:15,388][ContextLoader:273] Root WebApplicationContext: initialization started
[INFO ][2017-09-04 09:55:15,520][AbstractApplicationContext:510] Refreshing Root WebApplicationContext: startup date [Mon Sep 04 09:55:15 CST 2017]; root of context hierarchy
[INFO ][2017-09-04 09:55:15,568][XmlBeanDefinitionReader:315] Loading XML bean definitions from class path resource [spring/spring-context.xml]
[INFO ][2017-09-04 09:55:15,799][ClassPathScanningCandidateComponentProvider:231] JSR-250 'javax.annotation.ManagedBean' found and supported for component scanning
[INFO ][2017-09-04 09:55:15,802][ClassPathScanningCandidateComponentProvider:239] JSR-330 'javax.inject.Named' annotation found and supported for component scanning
[INFO ][2017-09-04 09:55:16,166][XmlBeanDefinitionReader:315] Loading XML bean definitions from class path resource [spring/spring-context-service.xml]
[INFO ][2017-09-04 09:55:16,218][ClassPathScanningCandidateComponentProvider:231] JSR-250 'javax.annotation.ManagedBean' found and supported for component scanning
[INFO ][2017-09-04 09:55:16,218][ClassPathScanningCandidateComponentProvider:239] JSR-330 'javax.inject.Named' annotation found and supported for component scanning
[INFO ][2017-09-04 09:55:16,301][XmlBeanDefinitionReader:315] Loading XML bean definitions from class path resource [spring/spring-mybatis.xml]
[INFO ][2017-09-04 09:55:16,407][XmlBeanDefinitionReader:315] Loading XML bean definitions from class path resource [spring/spring-activemq.xml]
[INFO ][2017-09-04 09:55:16,433][XmlBeanDefinitionReader:315] Loading XML bean definitions from class path resource [spring/spring-reconciliation.xml]
[INFO ][2017-09-04 09:55:16,446][XmlBeanDefinitionReader:315] Loading XML bean definitions from class path resource [spring/spring-mvc.xml]
[INFO ][2017-09-04 09:55:16,989][PropertiesLoaderSupport:172] Loading properties file from class path resource [mq_config.properties]
[INFO ][2017-09-04 09:55:16,990][PropertiesLoaderSupport:172] Loading properties file from class path resource [jdbc.properties]
[INFO ][2017-09-04 09:55:17,011][AutowiredAnnotationBeanPostProcessor:140] JSR-330 'javax.inject.Inject' annotation found and supported for autowiring
[INFO ][2017-09-04 09:55:17,128][DefaultListableBeanFactory:598] Pre-instantiating singletons in org.springframework.beans.factory.support.DefaultListableBeanFactory@2703d91: defining beans [org.springframework.context.annotation.internalConfigurationAnnotationProcessor,org.springframework.context.annotation.internalAutowiredAnnotationProcessor,org.springframework.context.annotation.internalRequiredAnnotationProcessor,org.springframework.context.annotation.internalCommonAnnotationProcessor,accountController,webExceptionHandler,loginController,settController,tradeController,rpAccountDaoImpl,rpAccountHistoryDaoImpl,rpSettDailyCollectDaoImpl,rpSettRecordAnnexDaoImpl,rpSettRecordDaoImpl,rpAccountHistoryService,rpAccountQueryService,rpAccountService,rpAccountTransactionService,rpSettHandleService,rpSettQueryService,rpNotifyRecordDao,rpNotifyRecordLogDao,rpNotifyService,pmsMenuDao,pmsRoleMenuDao,pmsOperatorDaoImpl,pmsOperatorLogDaoImpl,pmsOperatorRoleDaoImpl,pmsPermissionDaoImpl,pmsRoleDaoImpl,pmsRolePermissionDaoImpl,pmsMenuRoleService,pmsMenuService,pmsOperatorLogService,pmsOperatorRoleService,pmsOperatorService,pmsPermissionService,pmsRolePermissionService,pmsRoleService,rpAccountCheckBatchDaoImpl,rpAccountCheckMistakeDaoImpl,rpAccountCheckMistakeScratchPoolDaoImpl,reconciliationFactory,rpAccountCheckBatchService,rpAccountCheckMistakeScratchPoolService,rpAccountCheckMistakeService,rpAccountCheckTransactionService,rpTradePaymentOrderDao,rpTradePaymentRecordDao,rpTradePaymentManagerService,rpTradePaymentQueryService,rpTradeReconciliationService,aliF2FPaySubmit,buildNoDaoImpl,rpPayProductDaoImpl,rpPayWayDaoImpl,rpUserBankAccountDaoImpl,rpUserInfoDaoImpl,rpUserPayConfigDaoImpl,rpUserPayInfoDaoImpl,buildNoService,rpPayProductService,rpPayWayService,rpUserBankAccountService,rpUserInfoService,rpUserPayConfigService,rpUserPayInfoService,org.springframework.aop.config.internalAutoProxyCreator,propertyConfigurer,dataSource,sqlSessionFactory,sessionTemplate,transactionManager,org.springframework.transaction.annotation.AnnotationTransactionAttributeSource#0,org.springframework.transaction.interceptor.TransactionInterceptor#0,org.springframework.transaction.config.internalTransactionAdvisor,targetConnectionFactory,pooledConnectionFactory,connectionFactory,notifyJmsTemplate,jmsTemplate,WEIXIN,ALIPAY,mvcContentNegotiationManager,org.springframework.web.servlet.mvc.method.annotation.RequestMappingHandlerMapping#0,org.springframework.format.support.FormattingConversionServiceFactoryBean#0,org.springframework.validation.beanvalidation.LocalValidatorFactoryBean#0,org.springframework.web.servlet.mvc.method.annotation.RequestMappingHandlerAdapter#0,org.springframework.web.servlet.handler.MappedInterceptor#0,org.springframework.web.servlet.mvc.method.annotation.ExceptionHandlerExceptionResolver#0,org.springframework.web.servlet.mvc.annotation.ResponseStatusExceptionResolver#0,org.springframework.web.servlet.mvc.support.DefaultHandlerExceptionResolver#0,org.springframework.web.servlet.handler.BeanNameUrlHandlerMapping,org.springframework.web.servlet.mvc.HttpRequestHandlerAdapter,org.springframework.web.servlet.mvc.SimpleControllerHandlerAdapter,org.springframework.web.servlet.view.InternalResourceViewResolver#0,org.springframework.web.servlet.mvc.annotation.DefaultAnnotationHandlerMapping#0,org.springframework.web.servlet.mvc.annotation.AnnotationMethodHandlerAdapter#0,org.springframework.web.servlet.resource.ResourceHttpRequestHandler#0,org.springframework.web.servlet.handler.SimpleUrlHandlerMapping#0,org.springframework.web.servlet.resource.ResourceHttpRequestHandler#1,org.springframework.web.servlet.handler.SimpleUrlHandlerMapping#1,org.springframework.context.annotation.ConfigurationClassPostProcessor.importAwareProcessor]; root of factory hierarchy
[INFO ][2017-09-04 09:55:18,014][DruidDataSource:722] {dataSource-1} inited
[INFO ][2017-09-04 09:55:20,885][AbstractHandlerMethodMapping:179] Mapped "{[/merchant/account/getAccountInfo],methods=[POST || GET],params=[],headers=[],consumes=[],produces=[],custom=[]}" onto public java.lang.String com.roncoo.pay.controller.account.AccountController.getAccountInfo(javax.servlet.http.HttpServletRequest)
[INFO ][2017-09-04 09:55:20,886][AbstractHandlerMethodMapping:179] Mapped "{[/merchant/account/ajaxAccountInfo],methods=[POST || GET],params=[],headers=[],consumes=[],produces=[],custom=[]}" onto public java.lang.String com.roncoo.pay.controller.account.AccountController.ajaxAccountInfo(javax.servlet.http.HttpServletRequest,com.roncoo.pay.controller.common.JSONParam[]) throws java.lang.IllegalAccessException,java.lang.reflect.InvocationTargetException
[INFO ][2017-09-04 09:55:20,888][AbstractHandlerMethodMapping:179] Mapped "{[/merchant/account/savePassword],methods=[POST || GET],params=[],headers=[],consumes=[],produces=[],custom=[]}" onto public com.roncoo.pay.common.core.entity.ApiCommonResultVo com.roncoo.pay.controller.account.AccountController.savePassword(javax.servlet.http.HttpServletRequest) throws java.lang.IllegalAccessException,java.lang.reflect.InvocationTargetException
[INFO ][2017-09-04 09:55:20,889][AbstractHandlerMethodMapping:179] Mapped "{[/merchant/account/savePayPass],methods=[POST || GET],params=[],headers=[],consumes=[],produces=[],custom=[]}" onto public com.roncoo.pay.common.core.entity.ApiCommonResultVo com.roncoo.pay.controller.account.AccountController.savePayPass(javax.servlet.http.HttpServletRequest) throws java.lang.IllegalAccessException,java.lang.reflect.InvocationTargetException
[INFO ][2017-09-04 09:55:20,890][AbstractHandlerMethodMapping:179] Mapped "{[/index],methods=[POST || GET],params=[],headers=[],consumes=[],produces=[],custom=[]}" onto public java.lang.String com.roncoo.pay.controller.login.LoginController.index(javax.servlet.http.HttpServletRequest,org.springframework.ui.Model)
[INFO ][2017-09-04 09:55:20,890][AbstractHandlerMethodMapping:179] Mapped "{[/login],methods=[POST || GET],params=[],headers=[],consumes=[],produces=[],custom=[]}" onto public java.lang.String com.roncoo.pay.controller.login.LoginController.login(javax.servlet.http.HttpServletRequest,org.springframework.ui.Model)
[INFO ][2017-09-04 09:55:20,891][AbstractHandlerMethodMapping:179] Mapped "{[/logout],methods=[POST || GET],params=[],headers=[],consumes=[],produces=[],custom=[]}" onto public java.lang.String com.roncoo.pay.controller.login.LoginController.logout(javax.servlet.http.HttpServletRequest,org.springframework.ui.Model)
[INFO ][2017-09-04 09:55:20,892][AbstractHandlerMethodMapping:179] Mapped "{[/merchant/sett/getSettList],methods=[POST || GET],params=[],headers=[],consumes=[],produces=[],custom=[]}" onto public java.lang.String com.roncoo.pay.controller.sett.SettController.getAccountInfo(javax.servlet.http.HttpServletRequest)
[INFO ][2017-09-04 09:55:20,893][AbstractHandlerMethodMapping:179] Mapped "{[/merchant/sett/ajaxSettList],methods=[POST || GET],params=[],headers=[],consumes=[],produces=[],custom=[]}" onto public java.lang.String com.roncoo.pay.controller.sett.SettController.ajaxPaymentList(javax.servlet.http.HttpServletRequest,com.roncoo.pay.controller.common.JSONParam[]) throws java.lang.IllegalAccessException,java.lang.reflect.InvocationTargetException
[INFO ][2017-09-04 09:55:20,894][AbstractHandlerMethodMapping:179] Mapped "{[/merchant/trade/ajaxPaymentList],methods=[POST || GET],params=[],headers=[],consumes=[],produces=[],custom=[]}" onto public java.lang.String com.roncoo.pay.controller.trade.TradeController.ajaxPaymentList(javax.servlet.http.HttpServletRequest,com.roncoo.pay.controller.common.JSONParam[]) throws java.lang.IllegalAccessException,java.lang.reflect.InvocationTargetException
[INFO ][2017-09-04 09:55:20,895][AbstractHandlerMethodMapping:179] Mapped "{[/merchant/trade/getPaymentList],methods=[POST || GET],params=[],headers=[],consumes=[],produces=[],custom=[]}" onto public java.lang.String com.roncoo.pay.controller.trade.TradeController.getPaymentList(javax.servlet.http.HttpServletRequest,org.springframework.ui.Model)
[INFO ][2017-09-04 09:55:20,895][AbstractHandlerMethodMapping:179] Mapped "{[/merchant/trade/ajaxPaymentReport],methods=[POST || GET],params=[],headers=[],consumes=[],produces=[],custom=[]}" onto public java.util.List com.roncoo.pay.controller.trade.TradeController.ajaxPaymentReport(javax.servlet.http.HttpServletRequest)
[INFO ][2017-09-04 09:55:20,930][Version:24] Hibernate Validator 4.2.0.Final
[INFO ][2017-09-04 09:55:21,560][ExceptionHandlerExceptionResolver:294] Detected @ExceptionHandler methods in webExceptionHandler
[INFO ][2017-09-04 09:55:21,667][AbstractUrlHandlerMapping:315] Mapped URL path [/merchant/account/getAccountInfo] onto handler 'accountController'
[INFO ][2017-09-04 09:55:21,667][AbstractUrlHandlerMapping:315] Mapped URL path [/merchant/account/getAccountInfo.*] onto handler 'accountController'
[INFO ][2017-09-04 09:55:21,668][AbstractUrlHandlerMapping:315] Mapped URL path [/merchant/account/getAccountInfo/] onto handler 'accountController'
[INFO ][2017-09-04 09:55:21,668][AbstractUrlHandlerMapping:315] Mapped URL path [/merchant/account/ajaxAccountInfo] onto handler 'accountController'
[INFO ][2017-09-04 09:55:21,668][AbstractUrlHandlerMapping:315] Mapped URL path [/merchant/account/ajaxAccountInfo.*] onto handler 'accountController'
[INFO ][2017-09-04 09:55:21,669][AbstractUrlHandlerMapping:315] Mapped URL path [/merchant/account/ajaxAccountInfo/] onto handler 'accountController'
[INFO ][2017-09-04 09:55:21,669][AbstractUrlHandlerMapping:315] Mapped URL path [/merchant/account/savePassword] onto handler 'accountController'
[INFO ][2017-09-04 09:55:21,669][AbstractUrlHandlerMapping:315] Mapped URL path [/merchant/account/savePassword.*] onto handler 'accountController'
[INFO ][2017-09-04 09:55:21,669][AbstractUrlHandlerMapping:315] Mapped URL path [/merchant/account/savePassword/] onto handler 'accountController'
[INFO ][2017-09-04 09:55:21,670][AbstractUrlHandlerMapping:315] Mapped URL path [/merchant/account/savePayPass] onto handler 'accountController'
[INFO ][2017-09-04 09:55:21,670][AbstractUrlHandlerMapping:315] Mapped URL path [/merchant/account/savePayPass.*] onto handler 'accountController'
[INFO ][2017-09-04 09:55:21,670][AbstractUrlHandlerMapping:315] Mapped URL path [/merchant/account/savePayPass/] onto handler 'accountController'
[INFO ][2017-09-04 09:55:21,671][AbstractUrlHandlerMapping:315] Mapped URL path [/index] onto handler 'loginController'
[INFO ][2017-09-04 09:55:21,671][AbstractUrlHandlerMapping:315] Mapped URL path [/index.*] onto handler 'loginController'
[INFO ][2017-09-04 09:55:21,671][AbstractUrlHandlerMapping:315] Mapped URL path [/index/] onto handler 'loginController'
[INFO ][2017-09-04 09:55:21,672][AbstractUrlHandlerMapping:315] Mapped URL path [/login] onto handler 'loginController'
[INFO ][2017-09-04 09:55:21,672][AbstractUrlHandlerMapping:315] Mapped URL path [/login.*] onto handler 'loginController'
[INFO ][2017-09-04 09:55:21,672][AbstractUrlHandlerMapping:315] Mapped URL path [/login/] onto handler 'loginController'
[INFO ][2017-09-04 09:55:21,672][AbstractUrlHandlerMapping:315] Mapped URL path [/logout] onto handler 'loginController'
[INFO ][2017-09-04 09:55:21,673][AbstractUrlHandlerMapping:315] Mapped URL path [/logout.*] onto handler 'loginController'
[INFO ][2017-09-04 09:55:21,673][AbstractUrlHandlerMapping:315] Mapped URL path [/logout/] onto handler 'loginController'
[INFO ][2017-09-04 09:55:21,674][AbstractUrlHandlerMapping:315] Mapped URL path [/merchant/sett/getSettList] onto handler 'settController'
[INFO ][2017-09-04 09:55:21,674][AbstractUrlHandlerMapping:315] Mapped URL path [/merchant/sett/getSettList.*] onto handler 'settController'
[INFO ][2017-09-04 09:55:21,674][AbstractUrlHandlerMapping:315] Mapped URL path [/merchant/sett/getSettList/] onto handler 'settController'
[INFO ][2017-09-04 09:55:21,674][AbstractUrlHandlerMapping:315] Mapped URL path [/merchant/sett/ajaxSettList] onto handler 'settController'
[INFO ][2017-09-04 09:55:21,675][AbstractUrlHandlerMapping:315] Mapped URL path [/merchant/sett/ajaxSettList.*] onto handler 'settController'
[INFO ][2017-09-04 09:55:21,675][AbstractUrlHandlerMapping:315] Mapped URL path [/merchant/sett/ajaxSettList/] onto handler 'settController'
[INFO ][2017-09-04 09:55:21,675][AbstractUrlHandlerMapping:315] Mapped URL path [/merchant/trade/ajaxPaymentList] onto handler 'tradeController'
[INFO ][2017-09-04 09:55:21,676][AbstractUrlHandlerMapping:315] Mapped URL path [/merchant/trade/ajaxPaymentList.*] onto handler 'tradeController'
[INFO ][2017-09-04 09:55:21,676][AbstractUrlHandlerMapping:315] Mapped URL path [/merchant/trade/ajaxPaymentList/] onto handler 'tradeController'
[INFO ][2017-09-04 09:55:21,677][AbstractUrlHandlerMapping:315] Mapped URL path [/merchant/trade/getPaymentList] onto handler 'tradeController'
[INFO ][2017-09-04 09:55:21,677][AbstractUrlHandlerMapping:315] Mapped URL path [/merchant/trade/getPaymentList.*] onto handler 'tradeController'
[INFO ][2017-09-04 09:55:21,677][AbstractUrlHandlerMapping:315] Mapped URL path [/merchant/trade/getPaymentList/] onto handler 'tradeController'
[INFO ][2017-09-04 09:55:21,678][AbstractUrlHandlerMapping:315] Mapped URL path [/merchant/trade/ajaxPaymentReport] onto handler 'tradeController'
[INFO ][2017-09-04 09:55:21,678][AbstractUrlHandlerMapping:315] Mapped URL path [/merchant/trade/ajaxPaymentReport.*] onto handler 'tradeController'
[INFO ][2017-09-04 09:55:21,679][AbstractUrlHandlerMapping:315] Mapped URL path [/merchant/trade/ajaxPaymentReport/] onto handler 'tradeController'
[INFO ][2017-09-04 09:55:21,781][AbstractUrlHandlerMapping:315] Mapped URL path [/common/**] onto handler 'org.springframework.web.servlet.resource.ResourceHttpRequestHandler#0'
[INFO ][2017-09-04 09:55:21,797][AbstractUrlHandlerMapping:315] Mapped URL path [/lte/**] onto handler 'org.springframework.web.servlet.resource.ResourceHttpRequestHandler#1'
[INFO ][2017-09-04 09:55:21,823][ContextLoader:313] Root WebApplicationContext: initialization completed in 6429 ms
[INFO ][2017-09-04 09:55:21,977][FrameworkServlet:454] FrameworkServlet 'mvc': initialization started
[INFO ][2017-09-04 09:55:22,051][FrameworkServlet:473] FrameworkServlet 'mvc': initialization completed in 73 ms
